<?xml version="1.0" encoding="UTF-8" ?>
<testsuite tests="1" failures="1" name="TestSuite" time="1,101.693" errors="0" skipped="0">
  <properties>
[...]
</properties>
  <testcase classname="com.scrapPlant.functions.execution" name="Execution" time="1,100.734">
    <failure message="no such element: Unable to locate element: {&quot;method&quot;:&quot;xpath&quot;,&quot;selector&quot;:&quot;//*[@class=&apos;btn btn-default dropdown-toggle&apos;]&quot;}
  (Session info: chrome=74.0.3729.157)
  (Driver info: chromedriver=2.41.578737 (49da6702b16031c40d63e5618de03a32ff6c197e),platform=Windows NT 10.0.17763 x86_64) (WARNING: The server did not provide any stacktrace information)
Command duration or timeout: 0 milliseconds
For documentation on this error, please visit: http://seleniumhq.org/exceptions/no_such_element.html
Build info: version: &apos;3.11.0&apos;, revision: &apos;e59cfb3&apos;, time: &apos;2018-03-11T20:26:55.152Z&apos;
System info: host: &apos;MONO-HYD-LAP-78&apos;, ip: &apos;192.168.168.173&apos;, os.name: &apos;Windows 10&apos;, os.arch: &apos;amd64&apos;, os.version: &apos;10.0&apos;, java.version: &apos;1.8.0_211&apos;
Driver info: org.openqa.selenium.chrome.ChromeDriver
Capabilities {acceptInsecureCerts: false, acceptSslCerts: false, applicationCacheEnabled: false, browserConnectionEnabled: false, browserName: chrome, chrome: {chromedriverVersion: 2.41.578737 (49da6702b16031..., userDataDir: C:\Users\TEJASW~1\AppData\L...}, cssSelectorsEnabled: true, databaseEnabled: false, goog:chromeOptions: {debuggerAddress: localhost:54406}, handlesAlerts: true, hasTouchScreen: false, javascriptEnabled: true, locationContextEnabled: true, mobileEmulationEnabled: false, nativeEvents: true, networkConnectionEnabled: false, pageLoadStrategy: normal, platform: XP, platformName: XP, rotatable: false, setWindowRect: true, takesHeapSnapshot: true, takesScreenshot: true, unexpectedAlertBehaviour: , unhandledPromptBehavior: , version: 74.0.3729.157, webStorageEnabled: true}
Session ID: 41a8169d20b5cfcbcda4c1d96c0bfb5b
*** Element info: {Using=xpath, value=//*[@class=&apos;btn btn-default dropdown-toggle&apos;]}" type="org.openqa.selenium.NoSuchElementException">org.openqa.selenium.NoSuchElementException: no such element: Unable to locate element: {&quot;method&quot;:&quot;xpath&quot;,&quot;selector&quot;:&quot;//*[@class=&apos;btn btn-default dropdown-toggle&apos;]&quot;}
  (Session info: chrome=74.0.3729.157)
  (Driver info: chromedriver=2.41.578737 (49da6702b16031c40d63e5618de03a32ff6c197e),platform=Windows NT 10.0.17763 x86_64) (WARNING: The server did not provide any stacktrace information)
Command duration or timeout: 0 milliseconds
For documentation on this error, please visit: http://seleniumhq.org/exceptions/no_such_element.html
Build info: version: &apos;3.11.0&apos;, revision: &apos;e59cfb3&apos;, time: &apos;2018-03-11T20:26:55.152Z&apos;
System info: host: &apos;MONO-HYD-LAP-78&apos;, ip: &apos;192.168.168.173&apos;, os.name: &apos;Windows 10&apos;, os.arch: &apos;amd64&apos;, os.version: &apos;10.0&apos;, java.version: &apos;1.8.0_211&apos;
Driver info: org.openqa.selenium.chrome.ChromeDriver
Capabilities {acceptInsecureCerts: false, acceptSslCerts: false, applicationCacheEnabled: false, browserConnectionEnabled: false, browserName: chrome, chrome: {chromedriverVersion: 2.41.578737 (49da6702b16031..., userDataDir: C:\Users\TEJASW~1\AppData\L...}, cssSelectorsEnabled: true, databaseEnabled: false, goog:chromeOptions: {debuggerAddress: localhost:54406}, handlesAlerts: true, hasTouchScreen: false, javascriptEnabled: true, locationContextEnabled: true, mobileEmulationEnabled: false, nativeEvents: true, networkConnectionEnabled: false, pageLoadStrategy: normal, platform: XP, platformName: XP, rotatable: false, setWindowRect: true, takesHeapSnapshot: true, takesScreenshot: true, unexpectedAlertBehaviour: , unhandledPromptBehavior: , version: 74.0.3729.157, webStorageEnabled: true}
Session ID: 41a8169d20b5cfcbcda4c1d96c0bfb5b
*** Element info: {Using=xpath, value=//*[@class=&apos;btn btn-default dropdown-toggle&apos;]}
	at sun.reflect.NativeConstructorAccessorImpl.newInstance0(Native Method)
	at sun.reflect.NativeConstructorAccessorImpl.newInstance(NativeConstructorAccessorImpl.java:62)
	at sun.reflect.DelegatingConstructorAccessorImpl.newInstance(DelegatingConstructorAccessorImpl.java:45)
	at java.lang.reflect.Constructor.newInstance(Constructor.java:423)
	at org.openqa.selenium.remote.ErrorHandler.createThrowable(ErrorHandler.java:214)
	at org.openqa.selenium.remote.ErrorHandler.throwIfResponseFailed(ErrorHandler.java:166)
	at org.openqa.selenium.remote.http.JsonHttpResponseCodec.reconstructValue(JsonHttpResponseCodec.java:40)
	at org.openqa.selenium.remote.http.AbstractHttpResponseCodec.decode(AbstractHttpResponseCodec.java:80)
	at org.openqa.selenium.remote.http.AbstractHttpResponseCodec.decode(AbstractHttpResponseCodec.java:44)
	at org.openqa.selenium.remote.HttpCommandExecutor.execute(HttpCommandExecutor.java:158)
	at org.openqa.selenium.remote.service.DriverCommandExecutor.execute(DriverCommandExecutor.java:83)
	at org.openqa.selenium.remote.RemoteWebDriver.execute(RemoteWebDriver.java:545)
	at org.openqa.selenium.remote.RemoteWebDriver.findElement(RemoteWebDriver.java:319)
	at org.openqa.selenium.remote.RemoteWebDriver.findElementByXPath(RemoteWebDriver.java:421)
	at org.openqa.selenium.By$ByXPath.findElement(By.java:361)
	at org.openqa.selenium.remote.RemoteWebDriver.findElement(RemoteWebDriver.java:311)
	at com.scrapPlant.utilities.ReusableFunctions.launchBrowser(ReusableFunctions.java:128)
	at com.scrapPlant.functions.execution.Execution(execution.java:16)
</failure>
    <system-out>Execution started -------
Execution date : 21-05-2019_15_05
Here launching the browser
Rowcount is : 21
PlantCode is :HINUP-01-06_21-05-2019_15_05
Transactions start here
Col count5
https://husk-khirkyian.sparkmeter.cloud/transaction/transactions
No Alert Present 
File list is :1
SparkMeter ThunderCloud.csv
new file name is : HINUP-01-06_21-05-2019_15_05.csvFile list is :1
File name already changed : C:\HuskPower\TemporaryFolder_Trans\Downloads\Transactions\HINUP-01-06_21-05-2019_15_05.csv
SparkMeter start here
Col count5
User Navigated to Home screen and try to click on Last Readings option
No Alert Present 
File list is :1
File name already changed : C:\HuskPower\TemporaryFolder_Trans\Downloads\Transactions\HINUP-01-06_21-05-2019_15_05.csv
PlantCode is :HINBR-01-04_21-05-2019_15_05
Transactions start here
Col count5
https://hps-kotwa.sparkmeter.cloud/transaction/transactions
No Alert Present 
File list is :2
File name already changed : C:\HuskPower\TemporaryFolder_Trans\Downloads\Transactions\HINUP-01-06_21-05-2019_15_05.csv
File list is :2
SparkMeter ThunderCloud.csv
new file name is : HINBR-01-04_21-05-2019_15_05.csvFile list is :2
File name already changed : C:\HuskPower\TemporaryFolder_Trans\Downloads\Transactions\HINBR-01-04_21-05-2019_15_05.csv
File list is :2
File name already changed : C:\HuskPower\TemporaryFolder_Trans\Downloads\Transactions\HINUP-01-06_21-05-2019_15_05.csv
SparkMeter start here
Col count5
User Navigated to Home screen and try to click on Last Readings option
No Alert Present 
File list is :2
File name already changed : C:\HuskPower\TemporaryFolder_Trans\Downloads\Transactions\HINBR-01-04_21-05-2019_15_05.csv
File list is :2
File name already changed : C:\HuskPower\TemporaryFolder_Trans\Downloads\Transactions\HINUP-01-06_21-05-2019_15_05.csv
PlantCode is :HINUP-01-10_21-05-2019_15_05
Transactions start here
Col count5
https://husktz-dudahi.sparkmeter.cloud/transaction/transactions
No Alert Present 
File list is :3
File name already changed : C:\HuskPower\TemporaryFolder_Trans\Downloads\Transactions\HINBR-01-04_21-05-2019_15_05.csv
File list is :3
File name already changed : C:\HuskPower\TemporaryFolder_Trans\Downloads\Transactions\HINUP-01-06_21-05-2019_15_05.csv
File list is :3
SparkMeter ThunderCloud.csv
new file name is : HINUP-01-10_21-05-2019_15_05.csvFile list is :3
File name already changed : C:\HuskPower\TemporaryFolder_Trans\Downloads\Transactions\HINBR-01-04_21-05-2019_15_05.csv
File list is :3
File name already changed : C:\HuskPower\TemporaryFolder_Trans\Downloads\Transactions\HINUP-01-06_21-05-2019_15_05.csv
File list is :3
File name already changed : C:\HuskPower\TemporaryFolder_Trans\Downloads\Transactions\HINUP-01-10_21-05-2019_15_05.csv
SparkMeter start here
Col count5
User Navigated to Home screen and try to click on Last Readings option
No Alert Present 
File list is :3
File name already changed : C:\HuskPower\TemporaryFolder_Trans\Downloads\Transactions\HINBR-01-04_21-05-2019_15_05.csv
File list is :3
File name already changed : C:\HuskPower\TemporaryFolder_Trans\Downloads\Transactions\HINUP-01-06_21-05-2019_15_05.csv
File list is :3
File name already changed : C:\HuskPower\TemporaryFolder_Trans\Downloads\Transactions\HINUP-01-10_21-05-2019_15_05.csv
PlantCode is :HINUP-01-11_21-05-2019_15_05
Transactions start here
Col count5
https://husktz-fazil-nagar.sparkmeter.cloud/transaction/transactions
No Alert Present 
File list is :4
File name already changed : C:\HuskPower\TemporaryFolder_Trans\Downloads\Transactions\HINBR-01-04_21-05-2019_15_05.csv
File list is :4
File name already changed : C:\HuskPower\TemporaryFolder_Trans\Downloads\Transactions\HINUP-01-06_21-05-2019_15_05.csv
File list is :4
File name already changed : C:\HuskPower\TemporaryFolder_Trans\Downloads\Transactions\HINUP-01-10_21-05-2019_15_05.csv
File list is :4
SparkMeter ThunderCloud.csv
new file name is : HINUP-01-11_21-05-2019_15_05.csvFile list is :4
File name already changed : C:\HuskPower\TemporaryFolder_Trans\Downloads\Transactions\HINBR-01-04_21-05-2019_15_05.csv
File list is :4
File name already changed : C:\HuskPower\TemporaryFolder_Trans\Downloads\Transactions\HINUP-01-06_21-05-2019_15_05.csv
File list is :4
File name already changed : C:\HuskPower\TemporaryFolder_Trans\Downloads\Transactions\HINUP-01-10_21-05-2019_15_05.csv
File list is :4
File name already changed : C:\HuskPower\TemporaryFolder_Trans\Downloads\Transactions\HINUP-01-11_21-05-2019_15_05.csv
SparkMeter start here
Col count5
User Navigated to Home screen and try to click on Last Readings option
No Alert Present 
File list is :4
File name already changed : C:\HuskPower\TemporaryFolder_Trans\Downloads\Transactions\HINBR-01-04_21-05-2019_15_05.csv
File list is :4
File name already changed : C:\HuskPower\TemporaryFolder_Trans\Downloads\Transactions\HINUP-01-06_21-05-2019_15_05.csv
File list is :4
File name already changed : C:\HuskPower\TemporaryFolder_Trans\Downloads\Transactions\HINUP-01-10_21-05-2019_15_05.csv
File list is :4
File name already changed : C:\HuskPower\TemporaryFolder_Trans\Downloads\Transactions\HINUP-01-11_21-05-2019_15_05.csv
PlantCode is :HINBR-02-01_21-05-2019_15_05
Transactions start here
Col count5
https://hps-jalalpur.sparkmeter.cloud/transaction/transactions
No Alert Present 
File list is :5
File name already changed : C:\HuskPower\TemporaryFolder_Trans\Downloads\Transactions\HINBR-01-04_21-05-2019_15_05.csv
File list is :5
File name already changed : C:\HuskPower\TemporaryFolder_Trans\Downloads\Transactions\HINUP-01-06_21-05-2019_15_05.csv
File list is :5
File name already changed : C:\HuskPower\TemporaryFolder_Trans\Downloads\Transactions\HINUP-01-10_21-05-2019_15_05.csv
File list is :5
File name already changed : C:\HuskPower\TemporaryFolder_Trans\Downloads\Transactions\HINUP-01-11_21-05-2019_15_05.csv
File list is :5
SparkMeter ThunderCloud.csv
new file name is : HINBR-02-01_21-05-2019_15_05.csvFile list is :5
File name already changed : C:\HuskPower\TemporaryFolder_Trans\Downloads\Transactions\HINBR-01-04_21-05-2019_15_05.csv
File list is :5
File name already changed : C:\HuskPower\TemporaryFolder_Trans\Downloads\Transactions\HINBR-02-01_21-05-2019_15_05.csv
File list is :5
File name already changed : C:\HuskPower\TemporaryFolder_Trans\Downloads\Transactions\HINUP-01-06_21-05-2019_15_05.csv
File list is :5
File name already changed : C:\HuskPower\TemporaryFolder_Trans\Downloads\Transactions\HINUP-01-10_21-05-2019_15_05.csv
File list is :5
File name already changed : C:\HuskPower\TemporaryFolder_Trans\Downloads\Transactions\HINUP-01-11_21-05-2019_15_05.csv
SparkMeter start here
Col count5
User Navigated to Home screen and try to click on Last Readings option
No Alert Present 
File list is :5
File name already changed : C:\HuskPower\TemporaryFolder_Trans\Downloads\Transactions\HINBR-01-04_21-05-2019_15_05.csv
File list is :5
File name already changed : C:\HuskPower\TemporaryFolder_Trans\Downloads\Transactions\HINBR-02-01_21-05-2019_15_05.csv
File list is :5
File name already changed : C:\HuskPower\TemporaryFolder_Trans\Downloads\Transactions\HINUP-01-06_21-05-2019_15_05.csv
File list is :5
File name already changed : C:\HuskPower\TemporaryFolder_Trans\Downloads\Transactions\HINUP-01-10_21-05-2019_15_05.csv
File list is :5
File name already changed : C:\HuskPower\TemporaryFolder_Trans\Downloads\Transactions\HINUP-01-11_21-05-2019_15_05.csv
PlantCode is :HINBR-02-04_21-05-2019_15_05
Transactions start here
Col count5
https://hps-baniyapur.sparkmeter.cloud/transaction/transactions
No Alert Present 
File list is :6
File name already changed : C:\HuskPower\TemporaryFolder_Trans\Downloads\Transactions\HINBR-01-04_21-05-2019_15_05.csv
File list is :6
File name already changed : C:\HuskPower\TemporaryFolder_Trans\Downloads\Transactions\HINBR-02-01_21-05-2019_15_05.csv
File list is :6
File name already changed : C:\HuskPower\TemporaryFolder_Trans\Downloads\Transactions\HINUP-01-06_21-05-2019_15_05.csv
File list is :6
File name already changed : C:\HuskPower\TemporaryFolder_Trans\Downloads\Transactions\HINUP-01-10_21-05-2019_15_05.csv
File list is :6
File name already changed : C:\HuskPower\TemporaryFolder_Trans\Downloads\Transactions\HINUP-01-11_21-05-2019_15_05.csv
File list is :6
SparkMeter ThunderCloud.csv
new file name is : HINBR-02-04_21-05-2019_15_05.csvFile list is :6
File name already changed : C:\HuskPower\TemporaryFolder_Trans\Downloads\Transactions\HINBR-01-04_21-05-2019_15_05.csv
File list is :6
File name already changed : C:\HuskPower\TemporaryFolder_Trans\Downloads\Transactions\HINBR-02-01_21-05-2019_15_05.csv
File list is :6
File name already changed : C:\HuskPower\TemporaryFolder_Trans\Downloads\Transactions\HINBR-02-04_21-05-2019_15_05.csv
File list is :6
File name already changed : C:\HuskPower\TemporaryFolder_Trans\Downloads\Transactions\HINUP-01-06_21-05-2019_15_05.csv
File list is :6
File name already changed : C:\HuskPower\TemporaryFolder_Trans\Downloads\Transactions\HINUP-01-10_21-05-2019_15_05.csv
File list is :6
File name already changed : C:\HuskPower\TemporaryFolder_Trans\Downloads\Transactions\HINUP-01-11_21-05-2019_15_05.csv
SparkMeter start here
Col count5
User Navigated to Home screen and try to click on Last Readings option
No Alert Present 
File list is :6
File name already changed : C:\HuskPower\TemporaryFolder_Trans\Downloads\Transactions\HINBR-01-04_21-05-2019_15_05.csv
File list is :6
File name already changed : C:\HuskPower\TemporaryFolder_Trans\Downloads\Transactions\HINBR-02-01_21-05-2019_15_05.csv
File list is :6
File name already changed : C:\HuskPower\TemporaryFolder_Trans\Downloads\Transactions\HINBR-02-04_21-05-2019_15_05.csv
File list is :6
File name already changed : C:\HuskPower\TemporaryFolder_Trans\Downloads\Transactions\HINUP-01-06_21-05-2019_15_05.csv
File list is :6
File name already changed : C:\HuskPower\TemporaryFolder_Trans\Downloads\Transactions\HINUP-01-10_21-05-2019_15_05.csv
File list is :6
File name already changed : C:\HuskPower\TemporaryFolder_Trans\Downloads\Transactions\HINUP-01-11_21-05-2019_15_05.csv
PlantCode is :HINBR-02-02_21-05-2019_15_05
Transactions start here
Col count5
https://husktz-pucheri.sparkmeter.cloud/transaction/transactions
No Alert Present 
File list is :7
File name already changed : C:\HuskPower\TemporaryFolder_Trans\Downloads\Transactions\HINBR-01-04_21-05-2019_15_05.csv
File list is :7
File name already changed : C:\HuskPower\TemporaryFolder_Trans\Downloads\Transactions\HINBR-02-01_21-05-2019_15_05.csv
File list is :7
File name already changed : C:\HuskPower\TemporaryFolder_Trans\Downloads\Transactions\HINBR-02-04_21-05-2019_15_05.csv
File list is :7
File name already changed : C:\HuskPower\TemporaryFolder_Trans\Downloads\Transactions\HINUP-01-06_21-05-2019_15_05.csv
File list is :7
File name already changed : C:\HuskPower\TemporaryFolder_Trans\Downloads\Transactions\HINUP-01-10_21-05-2019_15_05.csv
File list is :7
File name already changed : C:\HuskPower\TemporaryFolder_Trans\Downloads\Transactions\HINUP-01-11_21-05-2019_15_05.csv
File list is :7
SparkMeter ThunderCloud.csv
new file name is : HINBR-02-02_21-05-2019_15_05.csvFile list is :7
File name already changed : C:\HuskPower\TemporaryFolder_Trans\Downloads\Transactions\HINBR-01-04_21-05-2019_15_05.csv
File list is :7
File name already changed : C:\HuskPower\TemporaryFolder_Trans\Downloads\Transactions\HINBR-02-01_21-05-2019_15_05.csv
File list is :7
File name already changed : C:\HuskPower\TemporaryFolder_Trans\Downloads\Transactions\HINBR-02-02_21-05-2019_15_05.csv
File list is :7
File name already changed : C:\HuskPower\TemporaryFolder_Trans\Downloads\Transactions\HINBR-02-04_21-05-2019_15_05.csv
File list is :7
File name already changed : C:\HuskPower\TemporaryFolder_Trans\Downloads\Transactions\HINUP-01-06_21-05-2019_15_05.csv
File list is :7
File name already changed : C:\HuskPower\TemporaryFolder_Trans\Downloads\Transactions\HINUP-01-10_21-05-2019_15_05.csv
File list is :7
File name already changed : C:\HuskPower\TemporaryFolder_Trans\Downloads\Transactions\HINUP-01-11_21-05-2019_15_05.csv
SparkMeter start here
Col count5
User Navigated to Home screen and try to click on Last Readings option
No Alert Present 
File list is :7
File name already changed : C:\HuskPower\TemporaryFolder_Trans\Downloads\Transactions\HINBR-01-04_21-05-2019_15_05.csv
File list is :7
File name already changed : C:\HuskPower\TemporaryFolder_Trans\Downloads\Transactions\HINBR-02-01_21-05-2019_15_05.csv
File list is :7
File name already changed : C:\HuskPower\TemporaryFolder_Trans\Downloads\Transactions\HINBR-02-02_21-05-2019_15_05.csv
File list is :7
File name already changed : C:\HuskPower\TemporaryFolder_Trans\Downloads\Transactions\HINBR-02-04_21-05-2019_15_05.csv
File list is :7
File name already changed : C:\HuskPower\TemporaryFolder_Trans\Downloads\Transactions\HINUP-01-06_21-05-2019_15_05.csv
File list is :7
File name already changed : C:\HuskPower\TemporaryFolder_Trans\Downloads\Transactions\HINUP-01-10_21-05-2019_15_05.csv
File list is :7
File name already changed : C:\HuskPower\TemporaryFolder_Trans\Downloads\Transactions\HINUP-01-11_21-05-2019_15_05.csv
PlantCode is :HINUP-01-08_21-05-2019_15_05
Transactions start here
Col count5
https://hps-turkpatti.sparkmeter.cloud/transaction/transactions
No Alert Present 
File list is :8
File name already changed : C:\HuskPower\TemporaryFolder_Trans\Downloads\Transactions\HINBR-01-04_21-05-2019_15_05.csv
File list is :8
File name already changed : C:\HuskPower\TemporaryFolder_Trans\Downloads\Transactions\HINBR-02-01_21-05-2019_15_05.csv
File list is :8
File name already changed : C:\HuskPower\TemporaryFolder_Trans\Downloads\Transactions\HINBR-02-02_21-05-2019_15_05.csv
File list is :8
File name already changed : C:\HuskPower\TemporaryFolder_Trans\Downloads\Transactions\HINBR-02-04_21-05-2019_15_05.csv
File list is :8
File name already changed : C:\HuskPower\TemporaryFolder_Trans\Downloads\Transactions\HINUP-01-06_21-05-2019_15_05.csv
File list is :8
File name already changed : C:\HuskPower\TemporaryFolder_Trans\Downloads\Transactions\HINUP-01-10_21-05-2019_15_05.csv
File list is :8
File name already changed : C:\HuskPower\TemporaryFolder_Trans\Downloads\Transactions\HINUP-01-11_21-05-2019_15_05.csv
File list is :8
SparkMeter ThunderCloud.csv
new file name is : HINUP-01-08_21-05-2019_15_05.csvFile list is :8
File name already changed : C:\HuskPower\TemporaryFolder_Trans\Downloads\Transactions\HINBR-01-04_21-05-2019_15_05.csv
File list is :8
File name already changed : C:\HuskPower\TemporaryFolder_Trans\Downloads\Transactions\HINBR-02-01_21-05-2019_15_05.csv
File list is :8
File name already changed : C:\HuskPower\TemporaryFolder_Trans\Downloads\Transactions\HINBR-02-02_21-05-2019_15_05.csv
File list is :8
File name already changed : C:\HuskPower\TemporaryFolder_Trans\Downloads\Transactions\HINBR-02-04_21-05-2019_15_05.csv
File list is :8
File name already changed : C:\HuskPower\TemporaryFolder_Trans\Downloads\Transactions\HINUP-01-06_21-05-2019_15_05.csv
File list is :8
File name already changed : C:\HuskPower\TemporaryFolder_Trans\Downloads\Transactions\HINUP-01-08_21-05-2019_15_05.csv
File list is :8
File name already changed : C:\HuskPower\TemporaryFolder_Trans\Downloads\Transactions\HINUP-01-10_21-05-2019_15_05.csv
File list is :8
File name already changed : C:\HuskPower\TemporaryFolder_Trans\Downloads\Transactions\HINUP-01-11_21-05-2019_15_05.csv
SparkMeter start here
Col count5
User Navigated to Home screen and try to click on Last Readings option
No Alert Present 
File list is :8
File name already changed : C:\HuskPower\TemporaryFolder_Trans\Downloads\Transactions\HINBR-01-04_21-05-2019_15_05.csv
File list is :8
File name already changed : C:\HuskPower\TemporaryFolder_Trans\Downloads\Transactions\HINBR-02-01_21-05-2019_15_05.csv
File list is :8
File name already changed : C:\HuskPower\TemporaryFolder_Trans\Downloads\Transactions\HINBR-02-02_21-05-2019_15_05.csv
File list is :8
File name already changed : C:\HuskPower\TemporaryFolder_Trans\Downloads\Transactions\HINBR-02-04_21-05-2019_15_05.csv
File list is :8
File name already changed : C:\HuskPower\TemporaryFolder_Trans\Downloads\Transactions\HINUP-01-06_21-05-2019_15_05.csv
File list is :8
File name already changed : C:\HuskPower\TemporaryFolder_Trans\Downloads\Transactions\HINUP-01-08_21-05-2019_15_05.csv
File list is :8
File name already changed : C:\HuskPower\TemporaryFolder_Trans\Downloads\Transactions\HINUP-01-10_21-05-2019_15_05.csv
File list is :8
File name already changed : C:\HuskPower\TemporaryFolder_Trans\Downloads\Transactions\HINUP-01-11_21-05-2019_15_05.csv
PlantCode is :HINBR-02-03_21-05-2019_15_05
Transactions start here
Col count5
https://hps-parsagargh.sparkmeter.cloud/transaction/transactions
File list is :9
File name already changed : C:\HuskPower\TemporaryFolder_Trans\Downloads\Transactions\HINBR-01-04_21-05-2019_15_05.csv
File list is :9
File name already changed : C:\HuskPower\TemporaryFolder_Trans\Downloads\Transactions\HINBR-02-01_21-05-2019_15_05.csv
File list is :9
File name already changed : C:\HuskPower\TemporaryFolder_Trans\Downloads\Transactions\HINBR-02-02_21-05-2019_15_05.csv
File list is :9
File name already changed : C:\HuskPower\TemporaryFolder_Trans\Downloads\Transactions\HINBR-02-04_21-05-2019_15_05.csv
File list is :9
File name already changed : C:\HuskPower\TemporaryFolder_Trans\Downloads\Transactions\HINUP-01-06_21-05-2019_15_05.csv
File list is :9
File name already changed : C:\HuskPower\TemporaryFolder_Trans\Downloads\Transactions\HINUP-01-08_21-05-2019_15_05.csv
File list is :9
File name already changed : C:\HuskPower\TemporaryFolder_Trans\Downloads\Transactions\HINUP-01-10_21-05-2019_15_05.csv
File list is :9
File name already changed : C:\HuskPower\TemporaryFolder_Trans\Downloads\Transactions\HINUP-01-11_21-05-2019_15_05.csv
File list is :9
SparkMeter ThunderCloud.csv
new file name is : HINBR-02-03_21-05-2019_15_05.csvFile list is :9
File name already changed : C:\HuskPower\TemporaryFolder_Trans\Downloads\Transactions\HINBR-01-04_21-05-2019_15_05.csv
File list is :9
File name already changed : C:\HuskPower\TemporaryFolder_Trans\Downloads\Transactions\HINBR-02-01_21-05-2019_15_05.csv
File list is :9
File name already changed : C:\HuskPower\TemporaryFolder_Trans\Downloads\Transactions\HINBR-02-02_21-05-2019_15_05.csv
File list is :9
File name already changed : C:\HuskPower\TemporaryFolder_Trans\Downloads\Transactions\HINBR-02-03_21-05-2019_15_05.csv
File list is :9
File name already changed : C:\HuskPower\TemporaryFolder_Trans\Downloads\Transactions\HINBR-02-04_21-05-2019_15_05.csv
File list is :9
File name already changed : C:\HuskPower\TemporaryFolder_Trans\Downloads\Transactions\HINUP-01-06_21-05-2019_15_05.csv
File list is :9
File name already changed : C:\HuskPower\TemporaryFolder_Trans\Downloads\Transactions\HINUP-01-08_21-05-2019_15_05.csv
File list is :9
File name already changed : C:\HuskPower\TemporaryFolder_Trans\Downloads\Transactions\HINUP-01-10_21-05-2019_15_05.csv
File list is :9
File name already changed : C:\HuskPower\TemporaryFolder_Trans\Downloads\Transactions\HINUP-01-11_21-05-2019_15_05.csv
SparkMeter start here
Col count5
User Navigated to Home screen and try to click on Last Readings option
No Alert Present 
File list is :9
File name already changed : C:\HuskPower\TemporaryFolder_Trans\Downloads\Transactions\HINBR-01-04_21-05-2019_15_05.csv
File list is :9
File name already changed : C:\HuskPower\TemporaryFolder_Trans\Downloads\Transactions\HINBR-02-01_21-05-2019_15_05.csv
File list is :9
File name already changed : C:\HuskPower\TemporaryFolder_Trans\Downloads\Transactions\HINBR-02-02_21-05-2019_15_05.csv
File list is :9
File name already changed : C:\HuskPower\TemporaryFolder_Trans\Downloads\Transactions\HINBR-02-03_21-05-2019_15_05.csv
File list is :9
File name already changed : C:\HuskPower\TemporaryFolder_Trans\Downloads\Transactions\HINBR-02-04_21-05-2019_15_05.csv
File list is :9
File name already changed : C:\HuskPower\TemporaryFolder_Trans\Downloads\Transactions\HINUP-01-06_21-05-2019_15_05.csv
File list is :9
File name already changed : C:\HuskPower\TemporaryFolder_Trans\Downloads\Transactions\HINUP-01-08_21-05-2019_15_05.csv
File list is :9
File name already changed : C:\HuskPower\TemporaryFolder_Trans\Downloads\Transactions\HINUP-01-10_21-05-2019_15_05.csv
File list is :9
File name already changed : C:\HuskPower\TemporaryFolder_Trans\Downloads\Transactions\HINUP-01-11_21-05-2019_15_05.csv
PlantCode is :HINBR-01-03_21-05-2019_15_05
Transactions start here
Col count5
</system-out>
    <system-err>May 21, 2019 3:05:07 PM org.openqa.selenium.remote.DesiredCapabilities chrome
INFO: Using `new ChromeOptions()` is preferred to `DesiredCapabilities.chrome()`
May 21, 2019 3:05:10 PM org.openqa.selenium.remote.ProtocolHandshake createSession
INFO: Detected dialect: OSS
May 21, 2019 3:06:13 PM org.openqa.selenium.remote.DesiredCapabilities chrome
INFO: Using `new ChromeOptions()` is preferred to `DesiredCapabilities.chrome()`
May 21, 2019 3:06:15 PM org.openqa.selenium.remote.ProtocolHandshake createSession
INFO: Detected dialect: OSS
May 21, 2019 3:07:03 PM org.openqa.selenium.remote.DesiredCapabilities chrome
INFO: Using `new ChromeOptions()` is preferred to `DesiredCapabilities.chrome()`
May 21, 2019 3:07:05 PM org.openqa.selenium.remote.ProtocolHandshake createSession
INFO: Detected dialect: OSS
May 21, 2019 3:08:04 PM org.openqa.selenium.remote.DesiredCapabilities chrome
INFO: Using `new ChromeOptions()` is preferred to `DesiredCapabilities.chrome()`
May 21, 2019 3:08:06 PM org.openqa.selenium.remote.ProtocolHandshake createSession
INFO: Detected dialect: OSS
May 21, 2019 3:08:49 PM org.openqa.selenium.remote.DesiredCapabilities chrome
INFO: Using `new ChromeOptions()` is preferred to `DesiredCapabilities.chrome()`
May 21, 2019 3:08:51 PM org.openqa.selenium.remote.ProtocolHandshake createSession
INFO: Detected dialect: OSS
May 21, 2019 3:09:56 PM org.openqa.selenium.remote.DesiredCapabilities chrome
INFO: Using `new ChromeOptions()` is preferred to `DesiredCapabilities.chrome()`
May 21, 2019 3:09:59 PM org.openqa.selenium.remote.ProtocolHandshake createSession
INFO: Detected dialect: OSS
May 21, 2019 3:10:42 PM org.openqa.selenium.remote.DesiredCapabilities chrome
INFO: Using `new ChromeOptions()` is preferred to `DesiredCapabilities.chrome()`
May 21, 2019 3:10:44 PM org.openqa.selenium.remote.ProtocolHandshake createSession
INFO: Detected dialect: OSS
May 21, 2019 3:11:55 PM org.openqa.selenium.remote.DesiredCapabilities chrome
INFO: Using `new ChromeOptions()` is preferred to `DesiredCapabilities.chrome()`
May 21, 2019 3:11:57 PM org.openqa.selenium.remote.ProtocolHandshake createSession
INFO: Detected dialect: OSS
May 21, 2019 3:12:43 PM org.openqa.selenium.remote.DesiredCapabilities chrome
INFO: Using `new ChromeOptions()` is preferred to `DesiredCapabilities.chrome()`
May 21, 2019 3:12:45 PM org.openqa.selenium.remote.ProtocolHandshake createSession
INFO: Detected dialect: OSS
May 21, 2019 3:13:51 PM org.openqa.selenium.remote.DesiredCapabilities chrome
INFO: Using `new ChromeOptions()` is preferred to `DesiredCapabilities.chrome()`
May 21, 2019 3:13:53 PM org.openqa.selenium.remote.ProtocolHandshake createSession
INFO: Detected dialect: OSS
May 21, 2019 3:14:41 PM org.openqa.selenium.remote.DesiredCapabilities chrome
INFO: Using `new ChromeOptions()` is preferred to `DesiredCapabilities.chrome()`
May 21, 2019 3:14:44 PM org.openqa.selenium.remote.ProtocolHandshake createSession
INFO: Detected dialect: OSS
May 21, 2019 3:15:52 PM org.openqa.selenium.remote.DesiredCapabilities chrome
INFO: Using `new ChromeOptions()` is preferred to `DesiredCapabilities.chrome()`
May 21, 2019 3:15:54 PM org.openqa.selenium.remote.ProtocolHandshake createSession
INFO: Detected dialect: OSS
May 21, 2019 3:16:40 PM org.openqa.selenium.remote.DesiredCapabilities chrome
INFO: Using `new ChromeOptions()` is preferred to `DesiredCapabilities.chrome()`
May 21, 2019 3:16:42 PM org.openqa.selenium.remote.ProtocolHandshake createSession
INFO: Detected dialect: OSS
May 21, 2019 3:17:51 PM org.openqa.selenium.remote.DesiredCapabilities chrome
INFO: Using `new ChromeOptions()` is preferred to `DesiredCapabilities.chrome()`
May 21, 2019 3:17:53 PM org.openqa.selenium.remote.ProtocolHandshake createSession
INFO: Detected dialect: OSS
May 21, 2019 3:18:34 PM org.openqa.selenium.remote.DesiredCapabilities chrome
INFO: Using `new ChromeOptions()` is preferred to `DesiredCapabilities.chrome()`
May 21, 2019 3:18:37 PM org.openqa.selenium.remote.ProtocolHandshake createSession
INFO: Detected dialect: OSS
May 21, 2019 3:20:05 PM org.openqa.selenium.remote.DesiredCapabilities chrome
INFO: Using `new ChromeOptions()` is preferred to `DesiredCapabilities.chrome()`
May 21, 2019 3:20:08 PM org.openqa.selenium.remote.ProtocolHandshake createSession
INFO: Detected dialect: OSS
May 21, 2019 3:20:52 PM org.openqa.selenium.remote.DesiredCapabilities chrome
INFO: Using `new ChromeOptions()` is preferred to `DesiredCapabilities.chrome()`
May 21, 2019 3:20:54 PM org.openqa.selenium.remote.ProtocolHandshake createSession
INFO: Detected dialect: OSS
May 21, 2019 3:22:04 PM org.openqa.selenium.remote.DesiredCapabilities chrome
INFO: Using `new ChromeOptions()` is preferred to `DesiredCapabilities.chrome()`
May 21, 2019 3:22:06 PM org.openqa.selenium.remote.ProtocolHandshake createSession
INFO: Detected dialect: OSS
May 21, 2019 3:22:49 PM org.openqa.selenium.remote.DesiredCapabilities chrome
INFO: Using `new ChromeOptions()` is preferred to `DesiredCapabilities.chrome()`
May 21, 2019 3:22:51 PM org.openqa.selenium.remote.ProtocolHandshake createSession
INFO: Detected dialect: OSS
</system-err>
  </testcase>
</testsuite>